Model successfully read and processed
Meshing constraints read successfully.
(0) Surface Meshing started
(1) Small Feature Detection started
(1) 25% completed
(1) 50% completed
(1) 75% completed
(2) Detect Close Edges started
(2) 25% completed
(2) 50% completed
(2) 75% completed
(2) 100% completed
(2) Detect Close Edges finished: CPU time: 0.0625 s, clock time: 0.056 s
(1) 100% completed
(1) Small Feature Detection finished: CPU time: 0.0625 s, clock time: 0.063 s
(1) Structured Meshing started
Number of 3D Boundary Layers identified: 16
(1) Structured Meshing finished: CPU time: 0 s, clock time: 0 s
(1) Face Meshing started
(1) Face Meshing 1/18
tag = 1, type = Plane -> CFdesign ID = 1
(1) Face Meshing 2/18
tag = 2, type = Plane -> CFdesign ID = 2
(1) Face Meshing 3/18
tag = 3, type = Plane -> CFdesign ID = 3
(1) Face Meshing 4/18
tag = 4, type = Unknown -> CFdesign ID = 4
(1) Face Meshing 5/18
tag = 5, type = Unknown -> CFdesign ID = 5
(1) Face Meshing 6/18
tag = 6, type = Unknown -> CFdesign ID = 6
(1) Face Meshing 7/18
tag = 7, type = Plane -> CFdesign ID = 7
(1) Face Meshing 8/18
tag = 8, type = Plane -> CFdesign ID = 8
(1) Face Meshing 9/18
tag = 9, type = Plane -> CFdesign ID = 9
(1) Face Meshing 10/18
tag = 10, type = Nurb -> CFdesign ID = 10
(1) Face Meshing 11/18
tag = 11, type = Plane -> CFdesign ID = 11
(1) Face Meshing 12/18
tag = 12, type = Plane -> CFdesign ID = 12
(1) Face Meshing 13/18
tag = 13, type = Plane -> CFdesign ID = 13
(1) Face Meshing 14/18
tag = 14, type = Plane -> CFdesign ID = 14
(1) Face Meshing 15/18
tag = 15, type = Plane -> CFdesign ID = 15
(1) Face Meshing 16/18
tag = 16, type = Plane -> CFdesign ID = 16
(1) Face Meshing 17/18
tag = 17, type = Plane -> CFdesign ID = 17
(1) Face Meshing 18/18
tag = 18, type = Plane -> CFdesign ID = 18
(1) Face Meshing finished: CPU time: 0.609375 s, clock time: 0.611 s
(1) Structured Meshing started
(1) Structured Meshing finished: CPU time: 0 s, clock time: 0.001 s
(1) Surface Mesh Improver started
(2) Surface Mesh Improvement started
(2) 25% completed
(2) Surface Mesh Improvement finished: CPU time: 0.015625 s, clock time: 0.015 s
(2) Surface Smoothing started
(2) 25% completed
(2) 50% completed
(2) 75% completed
(2) Surface Smoothing finished: CPU time: 0.0625 s, clock time: 0.058 s
(2) Fix Surface Intersections started
(2) Fix Surface Intersections finished: CPU time: 0.078125 s, clock time: 0.077 s
(1) Surface Mesh Improver finished: CPU time: 0.15625 s, clock time: 0.152 s
(0) Surface Meshing finished: CPU time: 0.84375 s, clock time: 0.839 s
  Nodal Aspect Ratio Summary
Surface 1: 1.66679
Surface 2: 1.66679
Surface 3: 1.92817
Surface 4: 2.83955
Surface 5: 3.51708
Surface 6: 1.94576
Surface 7: 2.22686
Surface 8: 3.51708
Surface 9: 1.66533
Surface 10: 8.68831
Surface 11: 8.68831
Surface 12: 3.19222
Surface 13: 1.82483
Surface 14: 3.44103
Surface 15: 2.61995
Surface 16: 2.84012
Surface 17: 3.44103
Surface 18: 2.45472
Maximum nodal aspect ratio: 8.68831
(0) Volume Meshing started
(1) Structured Meshing started
Number of 3D Boundary Layers identified: 16
Number of BL regions estimated = 23232
Boundary Layer meshing
Finding growth curves...
Checking boundary growth curves...
Checking intersecting layers...
Edge triangulation
Face triangulation
(2) Adapting Mesh started
Iteration 1: Normalized edge length range: 1.8063 .. 0.668679
Final normalized edge length range: 1.3976 .. 0.449797
(2) Adapting Mesh finished: CPU time: 0 s, clock time: 0.004 s
(2) Fix Surface Intersections started
(2) Fix Surface Intersections finished: CPU time: 0.078125 s, clock time: 0.083 s
Region triangulation
Number of BL regions created = 23232
(1) Structured Meshing finished: CPU time: 0.6875 s, clock time: 0.691 s
(1) Creating volume mesh started
(1) Creating volume mesh finished: CPU time: 1.875 s, clock time: 1.863 s
(1) Adapting Mesh started
Iteration 1: Normalized edge length range: 4.15361 .. 0.236674
Iteration 2: Normalized edge length range: 3.11517 .. 0.236674
Iteration 3: Normalized edge length range: 2.33227 .. 0.236674
Iteration 4: Normalized edge length range: 1.74918 .. 0.211911
Final normalized edge length range: 1.44999 .. 0.226249
(1) Adapting Mesh finished: CPU time: 1.8125 s, clock time: 1.86 s
(1) Volume Mesh Improver started
(2) Volume Optimization started
(2) Volume Optimization finished: CPU time: 0.21875 s, clock time: 0.222 s
(2) Volume Smoothing started
(2) 25% completed
(2) 50% completed
(2) 75% completed
(2) Volume Smoothing finished: CPU time: 0.59375 s, clock time: 0.594 s
(1) Volume Mesh Improver finished: CPU time: 0.875 s, clock time: 0.879 s
(0) Volume Meshing finished: CPU time: 5.25 s, clock time: 5.299 s
Volume meshing peak memory usage is 161.366 MBytes.
Mesh Statistics
Node count: 28365
Element count: 114503
Minimum element volume: 4.74843e-06
Maximum element volume: 1.41477
Total model volume: 480
  Nodal Aspect Ratio Summary
Surface 1: 17.7198
Surface 2: 16.896
Surface 3: 16.5675
Surface 4: 20.7027
Surface 5: 24.4359
Surface 6: 16.4732
Surface 7: 67.2224
Surface 8: 51.8255
Surface 9: 28.5063
Surface 10: 67.2224
Surface 11: 38.6147
Surface 12: 54.1992
Surface 13: 51.2268
Surface 14: 48.674
Surface 15: 47.7201
Surface 16: 53.3413
Surface 17: 48.674
Surface 18: 26.9598
Maximum nodal aspect ratio: 67.2224
Meshing concluded.
setUpwardAdjacencies = 0.11 sec
interpolateExtrudedFaces = 0.00 sec
interpolatePeriodicFaces = 0.00 sec
addPeripheralFaces = 0.00 sec
replicateMovingRegions = 0.00 sec
splitFluidSolidInterfaces = 0.00 sec
removeUnreferencedVertices = 0.00 sec
Time to write model = 0.00 sec
Time to write mesh = 0.08 sec
Time to write GBI = 0.35 sec
Time to free model entity memory = 0.00 sec
Time to delete database = 0.04 sec
