Model successfully read and processed
Meshing constraints read successfully.
(0) Surface Meshing started
(1) Small Feature Detection started
(1) 25% completed
(1) 50% completed
(1) 75% completed
(2) Detect Close Edges started
(2) 25% completed
(2) 50% completed
(2) 75% completed
(2) 100% completed
(2) Detect Close Edges finished: CPU time: 0.0625 s, clock time: 0.067 s
(1) 100% completed
(1) Small Feature Detection finished: CPU time: 0.0625 s, clock time: 0.073 s
(1) Structured Meshing started
Number of 3D Boundary Layers identified: 16
(1) Structured Meshing finished: CPU time: 0 s, clock time: 0 s
(1) Face Meshing started
(1) Face Meshing 1/18
tag = 1, type = Plane -> CFdesign ID = 1
(1) Face Meshing 2/18
tag = 2, type = Plane -> CFdesign ID = 2
(1) Face Meshing 3/18
tag = 3, type = Plane -> CFdesign ID = 3
(1) Face Meshing 4/18
tag = 4, type = Unknown -> CFdesign ID = 4
(1) Face Meshing 5/18
tag = 5, type = Unknown -> CFdesign ID = 5
(1) Face Meshing 6/18
tag = 6, type = Unknown -> CFdesign ID = 6
(1) Face Meshing 7/18
tag = 7, type = Plane -> CFdesign ID = 7
(1) Face Meshing 8/18
tag = 8, type = Plane -> CFdesign ID = 8
(1) Face Meshing 9/18
tag = 9, type = Plane -> CFdesign ID = 9
(1) Face Meshing 10/18
tag = 10, type = Nurb -> CFdesign ID = 10
(1) Face Meshing 11/18
tag = 11, type = Plane -> CFdesign ID = 11
(1) Face Meshing 12/18
tag = 12, type = Plane -> CFdesign ID = 12
(1) Face Meshing 13/18
tag = 13, type = Plane -> CFdesign ID = 13
(1) Face Meshing 14/18
tag = 14, type = Plane -> CFdesign ID = 14
(1) Face Meshing 15/18
tag = 15, type = Plane -> CFdesign ID = 15
(1) Face Meshing 16/18
tag = 16, type = Plane -> CFdesign ID = 16
(1) Face Meshing 17/18
tag = 17, type = Plane -> CFdesign ID = 17
(1) Face Meshing 18/18
tag = 18, type = Plane -> CFdesign ID = 18
(1) Face Meshing finished: CPU time: 0.609375 s, clock time: 0.617 s
(1) Structured Meshing started
(1) Structured Meshing finished: CPU time: 0 s, clock time: 0.001 s
(1) Surface Mesh Improver started
(2) Surface Mesh Improvement started
(2) 25% completed
(2) Surface Mesh Improvement finished: CPU time: 0.015625 s, clock time: 0.02 s
(2) Surface Smoothing started
(2) 25% completed
(2) 50% completed
(2) 75% completed
(2) Surface Smoothing finished: CPU time: 0.078125 s, clock time: 0.078 s
(2) Fix Surface Intersections started
(2) Fix Surface Intersections finished: CPU time: 0.078125 s, clock time: 0.083 s
(1) Surface Mesh Improver finished: CPU time: 0.1875 s, clock time: 0.183 s
(0) Surface Meshing finished: CPU time: 0.890625 s, clock time: 0.89 s
  Nodal Aspect Ratio Summary
Surface 1: 1.66679
Surface 2: 1.66679
Surface 3: 1.92817
Surface 4: 2.77681
Surface 5: 2.07064
Surface 6: 2.0178
Surface 7: 2.20685
Surface 8: 2.77681
Surface 9: 1.66291
Surface 10: 10.5698
Surface 11: 10.5698
Surface 12: 3.1481
Surface 13: 1.93958
Surface 14: 2.97923
Surface 15: 2.97923
Surface 16: 2.9373
Surface 17: 2.9373
Surface 18: 2.89986
Maximum nodal aspect ratio: 10.5698
(0) Volume Meshing started
(1) Structured Meshing started
Number of 3D Boundary Layers identified: 16
Number of BL regions estimated = 23496
Boundary Layer meshing
Finding growth curves...
Checking boundary growth curves...
Checking intersecting layers...
Edge triangulation
Face triangulation
(2) Adapting Mesh started
Iteration 1: Normalized edge length range: 1.87991 .. 0.613781
Final normalized edge length range: 1.41935 .. 0.488645
(2) Adapting Mesh finished: CPU time: 0 s, clock time: 0.003 s
(2) Fix Surface Intersections started
(2) Fix Surface Intersections finished: CPU time: 0.09375 s, clock time: 0.089 s
Region triangulation
Number of BL regions created = 23496
(1) Structured Meshing finished: CPU time: 0.75 s, clock time: 0.743 s
(1) Creating volume mesh started
(1) Creating volume mesh finished: CPU time: 2.03125 s, clock time: 2.042 s
(1) Adapting Mesh started
Iteration 1: Normalized edge length range: 4.15361 .. 0.248818
Iteration 2: Normalized edge length range: 3.11092 .. 0.248818
Iteration 3: Normalized edge length range: 2.33254 .. 0.248818
Iteration 4: Normalized edge length range: 1.74939 .. 0.248818
Final normalized edge length range: 1.44997 .. 0.225733
(1) Adapting Mesh finished: CPU time: 1.65625 s, clock time: 1.663 s
(1) Volume Mesh Improver started
(2) Volume Optimization started
(2) Volume Optimization finished: CPU time: 0.25 s, clock time: 0.247 s
(2) Volume Smoothing started
(2) 25% completed
(2) 50% completed
(2) 75% completed
(2) Volume Smoothing finished: CPU time: 0.625 s, clock time: 0.657 s
(1) Volume Mesh Improver finished: CPU time: 0.921875 s, clock time: 0.962 s
(0) Volume Meshing finished: CPU time: 5.35938 s, clock time: 5.418 s
Volume meshing peak memory usage is 161.161 MBytes.
Mesh Statistics
Node count: 28452
Element count: 114305
Minimum element volume: 1.98089e-06
Maximum element volume: 1.36565
Total model volume: 480
  Nodal Aspect Ratio Summary
Surface 1: 18.2028
Surface 2: 22.3161
Surface 3: 13.9924
Surface 4: 23.1534
Surface 5: 22.3297
Surface 6: 16.844
Surface 7: 55.9863
Surface 8: 48.0564
Surface 9: 24.7285
Surface 10: 73.5222
Surface 11: 47.51
Surface 12: 54.1992
Surface 13: 60.188
Surface 14: 47.6267
Surface 15: 57.8633
Surface 16: 66.4311
Surface 17: 54.2401
Surface 18: 30.237
Maximum nodal aspect ratio: 73.5222
Meshing concluded.
setUpwardAdjacencies = 0.12 sec
interpolateExtrudedFaces = 0.00 sec
interpolatePeriodicFaces = 0.00 sec
addPeripheralFaces = 0.00 sec
replicateMovingRegions = 0.00 sec
splitFluidSolidInterfaces = 0.00 sec
removeUnreferencedVertices = 0.00 sec
Time to write model = 0.00 sec
Time to write mesh = 0.08 sec
Time to write GBI = 0.36 sec
Time to free model entity memory = 0.00 sec
Time to delete database = 0.04 sec
