Model successfully read and processed
Meshing constraints read successfully.
(0) Surface Meshing started
(1) Small Feature Detection started
(1) 25% completed
(1) 50% completed
(1) 75% completed
(2) Detect Close Edges started
(2) 25% completed
(2) 50% completed
(2) 75% completed
(2) 100% completed
(2) Detect Close Edges finished: CPU time: 0.046875 s, clock time: 0.051 s
(1) 100% completed
(1) Small Feature Detection finished: CPU time: 0.046875 s, clock time: 0.056 s
(1) Structured Meshing started
Number of 3D Boundary Layers identified: 16
(1) Structured Meshing finished: CPU time: 0 s, clock time: 0 s
(1) Face Meshing started
(1) Face Meshing 1/18
tag = 1, type = Plane -> CFdesign ID = 1
(1) Face Meshing 2/18
tag = 2, type = Plane -> CFdesign ID = 2
(1) Face Meshing 3/18
tag = 3, type = Plane -> CFdesign ID = 3
(1) Face Meshing 4/18
tag = 4, type = Unknown -> CFdesign ID = 4
(1) Face Meshing 5/18
tag = 5, type = Unknown -> CFdesign ID = 5
(1) Face Meshing 6/18
tag = 6, type = Unknown -> CFdesign ID = 6
(1) Face Meshing 7/18
tag = 7, type = Plane -> CFdesign ID = 7
(1) Face Meshing 8/18
tag = 8, type = Plane -> CFdesign ID = 8
(1) Face Meshing 9/18
tag = 9, type = Plane -> CFdesign ID = 9
(1) Face Meshing 10/18
tag = 10, type = Nurb -> CFdesign ID = 10
(1) Face Meshing 11/18
tag = 11, type = Plane -> CFdesign ID = 11
(1) Face Meshing 12/18
tag = 12, type = Plane -> CFdesign ID = 12
(1) Face Meshing 13/18
tag = 13, type = Plane -> CFdesign ID = 13
(1) Face Meshing 14/18
tag = 14, type = Plane -> CFdesign ID = 14
(1) Face Meshing 15/18
tag = 15, type = Plane -> CFdesign ID = 15
(1) Face Meshing 16/18
tag = 16, type = Plane -> CFdesign ID = 16
(1) Face Meshing 17/18
tag = 17, type = Plane -> CFdesign ID = 17
(1) Face Meshing 18/18
tag = 18, type = Plane -> CFdesign ID = 18
(1) Face Meshing finished: CPU time: 0.546875 s, clock time: 0.553 s
(1) Structured Meshing started
(1) Structured Meshing finished: CPU time: 0 s, clock time: 0.001 s
(1) Surface Mesh Improver started
(2) Surface Mesh Improvement started
(2) 25% completed
(2) Surface Mesh Improvement finished: CPU time: 0.015625 s, clock time: 0.013 s
(2) Surface Smoothing started
(2) 25% completed
(2) 50% completed
(2) 75% completed
(2) Surface Smoothing finished: CPU time: 0.046875 s, clock time: 0.044 s
(2) Fix Surface Intersections started
(2) Fix Surface Intersections finished: CPU time: 0.0625 s, clock time: 0.063 s
(1) Surface Mesh Improver finished: CPU time: 0.125 s, clock time: 0.121 s
(0) Surface Meshing finished: CPU time: 0.75 s, clock time: 0.748 s
  Nodal Aspect Ratio Summary
Surface 1: 1.67361
Surface 2: 1.68094
Surface 3: 1.79513
Surface 4: 1.98639
Surface 5: 1.97937
Surface 6: 2.64203
Surface 7: 2.41442
Surface 8: 3.47897
Surface 9: 1.8375
Surface 10: 10.2729
Surface 11: 10.2729
Surface 12: 4.59747
Surface 13: 1.84631
Surface 14: 2.48802
Surface 15: 3.38341
Surface 16: 3.38341
Surface 17: 3.25015
Surface 18: 2.53047
Maximum nodal aspect ratio: 10.2729
(0) Volume Meshing started
(1) Structured Meshing started
Number of 3D Boundary Layers identified: 16
Number of BL regions estimated = 20841
Boundary Layer meshing
Finding growth curves...
Checking boundary growth curves...
Checking intersecting layers...
Edge triangulation
Face triangulation
(2) Adapting Mesh started
Iteration 1: Normalized edge length range: 1.5068 .. 0.703249
Final normalized edge length range: 1.40825 .. 0.468959
(2) Adapting Mesh finished: CPU time: 0 s, clock time: 0.002 s
(2) Fix Surface Intersections started
(2) Fix Surface Intersections finished: CPU time: 0.078125 s, clock time: 0.067 s
Region triangulation
Number of BL regions created = 20841
(1) Structured Meshing finished: CPU time: 0.5625 s, clock time: 0.561 s
(1) Creating volume mesh started
(1) Creating volume mesh finished: CPU time: 1.54688 s, clock time: 1.546 s
(1) Adapting Mesh started
Iteration 1: Normalized edge length range: 3.39683 .. 0.23607
Iteration 2: Normalized edge length range: 2.53729 .. 0.23607
Iteration 3: Normalized edge length range: 1.90286 .. 0.23607
Final normalized edge length range: 1.44995 .. 0.23607
(1) Adapting Mesh finished: CPU time: 1.09375 s, clock time: 1.093 s
(1) Volume Mesh Improver started
(2) Volume Optimization started
(2) Volume Optimization finished: CPU time: 0.1875 s, clock time: 0.187 s
(2) Volume Smoothing started
(2) 25% completed
(2) 50% completed
(2) 75% completed
(2) Volume Smoothing finished: CPU time: 0.453125 s, clock time: 0.442 s
(1) Volume Mesh Improver finished: CPU time: 0.671875 s, clock time: 0.674 s
(0) Volume Meshing finished: CPU time: 3.875 s, clock time: 3.878 s
Volume meshing peak memory usage is 152.183 MBytes.
Mesh Statistics
Node count: 24617
Element count: 98759
Minimum element volume: 7.42988e-06
Maximum element volume: 1.31825
Total model volume: 480
  Nodal Aspect Ratio Summary
Surface 1: 17.948
Surface 2: 16.852
Surface 3: 20.3126
Surface 4: 19.2109
Surface 5: 19.5854
Surface 6: 20.3126
Surface 7: 48.5733
Surface 8: 41.4045
Surface 9: 19.638
Surface 10: 51.7119
Surface 11: 34.243
Surface 12: 43.9704
Surface 13: 49.0525
Surface 14: 45.5242
Surface 15: 50.0011
Surface 16: 50.0144
Surface 17: 50.0144
Surface 18: 29.6115
Maximum nodal aspect ratio: 51.7119
Meshing concluded.
setUpwardAdjacencies = 0.09 sec
interpolateExtrudedFaces = 0.00 sec
interpolatePeriodicFaces = 0.00 sec
addPeripheralFaces = 0.00 sec
replicateMovingRegions = 0.00 sec
splitFluidSolidInterfaces = 0.00 sec
removeUnreferencedVertices = 0.00 sec
Time to write model = 0.00 sec
Time to write mesh = 0.06 sec
Time to write GBI = 0.28 sec
Time to free model entity memory = 0.00 sec
Time to delete database = 0.04 sec
