[20:24:48] Cannot find a flags file
[20:24:48] Loading qm files
[20:24:48] System language is English
[20:24:49] Completed pre-event loop tasks in 0.784 sec
[20:24:49] Start processing tasks
[20:24:49] Starting task: Clt::InitializationTasks::initializeMainWindowUI
[20:24:49] Creating main view...
[20:24:49] Creating actions...
[20:24:49] Creating quick widgets...
[20:24:49] Creating panel...
[20:24:49] Creating status bar...
[20:24:49] Creating tool bar...
[20:24:49] Initializing menu...
[20:24:49] Task finished in 0.34 sec
[20:24:49] Starting task: Clt::InitializationTasks::initializeApplicationFrame
[20:24:50] Task finished in 0.46 sec
[20:24:50] Starting task: Clt::InitializationTasks::initializeWebServices
[20:24:51] Task finished in 0.91 sec
[20:24:51] Starting task: Clt::InitializationTasks::initializeAirLook
[20:24:52] Task finished in 1.25 sec
[20:24:52] Starting task: Clt::InitializationTasks::initializeServerGroup
[20:24:52] Task finished in 0.00 sec
[20:24:52] Starting task: Clt::InitializationTasks::initializeHelpManager
[20:24:52] Task finished in 0.00 sec
[20:24:52] Starting task: Clt::InitializationTasks::setMainWindowUIState
[20:24:52] Task finished in 0.14 sec
[20:24:52] Starting task: Clt::InitializationTasks::assignShortcuts
[20:24:52] Task finished in 0.00 sec
[20:24:52] Starting task: Clt::InitializationTasks::initializeScriptJobEvents
[20:24:52] Task finished in 0.00 sec
[20:24:52] Starting task: Clt::InitializationTasks::initializeGAT
[20:24:52] Task finished in 0.00 sec
[20:24:52] Starting task: Clt::InitializationTasks::createGeoMeshMessageHandler
[20:24:52] Task finished in 0.00 sec
[20:24:52] Starting task: Clt::InitializationTasks::initializeLicensing
[20:24:52] Creating license manager...
[20:24:52] Initializing license manager...
[20:24:52] Listen for lost license signal...
[20:24:52] Task finished in 0.00 sec
[20:24:52] Starting task: Checkout CFD UI
[20:24:52] Authorizing CFD UI...
[20:24:56] Success
[20:24:56] Task finished in 3.60 sec
[20:24:56] Starting task: Clt::InitializationTasks::checkForLicensingError
[20:24:56] Task finished in 0.06 sec
[20:24:56] Starting task: Clt::InitializationTasks::showMainWindow
[20:24:56] Loading layout...
[20:24:56] Task finished in 0.54 sec
[20:24:56] Starting task: Clt::InitializationTasks::hideSplashScreen
[20:24:56] Task finished in 0.00 sec
[20:24:57] Starting task: Clt::InitializationTasks::initializeCustomResults
[20:24:57] Task finished in 0.00 sec
[20:24:57] Starting task: Clt::InitializationTasks::handleExternalLaunchFromCAD
[20:24:57] Task finished in 0.00 sec
[20:24:57] Starting task: Clt::InitializationTasks::initializePythonHooks
[20:24:57] Loading CFD resource file...
[20:24:57] Task finished in 0.37 sec
[20:24:57] Starting task: Clt::InitializationTasks::runScript
[20:24:57] Task finished in 0.00 sec
[20:24:57] Finished processing tasks in 8.09 sec
[20:37:55] External fragmentation is 0
[20:37:55] Internal fragmentation is 0.869501
[20:37:55] External fragmentation is 0
[20:37:55] Internal fragmentation is 0.164429
[20:38:09] External fragmentation is 0
[20:38:09] Internal fragmentation is 0.834251
[20:38:09] External fragmentation is 0
[20:38:09] Internal fragmentation is 0.16407
[20:38:20] External fragmentation is 0
[20:38:20] Internal fragmentation is 0.834661
[20:38:20] External fragmentation is 0
[20:38:20] Internal fragmentation is 0.163884
[20:38:51] External fragmentation is 0
[20:38:51] Internal fragmentation is 0.869524
[20:38:51] External fragmentation is 0
[20:38:51] Internal fragmentation is 0.165375
[20:39:25] External fragmentation is 0
[20:39:25] Internal fragmentation is 0.869524
[20:39:25] External fragmentation is 0
[20:39:25] Internal fragmentation is 0.16563
[20:39:43] External fragmentation is 0
[20:39:43] Internal fragmentation is 0.869466
[20:39:43] External fragmentation is 0
[20:39:43] Internal fragmentation is 0.165432
[15:21:23] Analysis::writeGBIFile = 0 sec
[15:21:23] Login expiration: Wed May 5 18:16:11 2021
[15:21:23] Token expiration: Fri Apr 23 18:16:10 2021
[15:21:23] Analysis::exportJobFiles = 0.001 sec
[15:21:23] thrustVaneTorquStudy/Design 0deg/Scenario 1 job started at Thu Apr 22 15:21:23 2021 on LAPTOP-L3NRL85S
[15:21:24] thrustVaneTorquStudy/Design 0deg/Scenario 1 mesher started at Thu Apr 22 15:21:24 2021 on LAPTOP-L3NRL85S
[15:21:27] thrustVaneTorquStudy/Design 0deg/Scenario 1 mesher finished at Thu Apr 22 15:21:27 2021 on LAPTOP-L3NRL85S with code = 0
[15:21:27] Analysis::importMesherFiles = 0.01 sec
[15:21:27] CADModel::loadGeometryDatabase = 0.153 sec
[15:21:27] Mesher finished copying files
[15:21:27] thrustVaneTorquStudy/Design 0deg/Scenario 1 solver started at Thu Apr 22 15:21:27 2021 on LAPTOP-L3NRL85S
[15:21:30] getJobUpdate start
[15:21:30] VizDataInterface::getBoundaryFEData = 0.018 sec
[15:21:30] VizDataInterface::setupWallOutlineData = 0.001 sec
[15:21:30] VizDataInterface::getBoundaryFEData = 0.02 sec
[15:21:30] VizDataInterface::setupWallOutlineData = 0.002 sec
[15:21:30] getJobUpdate finished
[15:21:31] Could not find message key: (solver, AnalyzeC, Turbulent Compressible Flow is ON)
[15:21:31] Could not find message key: (solver, AnalyzeC, Turbulence model: Standard k-epsilon)
[15:21:31] Could not find message key: (solver, AnalyzeC, Intelligent Wall Formulation: OFF)
[15:21:31] getJobUpdate start
[15:21:31] getJobUpdate finished
[15:21:31] getJobUpdate start
[15:21:31] getJobUpdate finished
[15:21:32] getJobUpdate start
[15:21:32] getJobUpdate finished
[15:21:32] getJobUpdate start
[15:21:32] getJobUpdate finished
[15:21:33] getJobUpdate start
[15:21:33] getJobUpdate finished
[15:21:33] getJobUpdate start
[15:21:33] getJobUpdate finished
[15:21:34] getJobUpdate start
[15:21:34] getJobUpdate finished
[15:21:34] getJobUpdate start
[15:21:34] getJobUpdate finished
[15:21:34] getJobUpdate start
[15:21:35] getJobUpdate finished
[15:21:35] getJobUpdate start
[15:21:35] getJobUpdate finished
[15:21:36] getJobUpdate start
[15:21:36] getJobUpdate finished
[15:21:36] getJobUpdate start
[15:21:36] getJobUpdate finished
[15:21:37] getJobUpdate start
[15:21:37] getJobUpdate finished
[15:21:37] getJobUpdate start
[15:21:37] getJobUpdate finished
[15:21:38] getJobUpdate start
[15:21:38] getJobUpdate finished
[15:21:38] getJobUpdate start
[15:21:38] getJobUpdate finished
[15:21:39] getJobUpdate start
[15:21:39] getJobUpdate finished
[15:21:39] getJobUpdate start
[15:21:39] getJobUpdate finished
[15:21:40] getJobUpdate start
[15:21:40] getJobUpdate finished
[15:21:41] getJobUpdate start
[15:21:41] getJobUpdate finished
[15:21:41] getJobUpdate start
[15:21:41] getJobUpdate finished
[15:21:42] getJobUpdate start
[15:21:42] getJobUpdate finished
[15:21:42] getJobUpdate start
[15:21:42] getJobUpdate finished
[15:21:43] getJobUpdate start
[15:21:43] getJobUpdate finished
[15:21:43] getJobUpdate start
[15:21:43] getJobUpdate finished
[15:21:44] getJobUpdate start
[15:21:44] getJobUpdate finished
[15:21:45] getJobUpdate start
[15:21:45] getJobUpdate finished
[15:21:45] getJobUpdate start
[15:21:45] getJobUpdate finished
[15:21:46] getJobUpdate start
[15:21:46] getJobUpdate finished
[15:21:47] getJobUpdate start
[15:21:47] getJobUpdate finished
[15:21:47] getJobUpdate start
[15:21:47] getJobUpdate finished
[15:21:48] getJobUpdate start
[15:21:48] getJobUpdate finished
[15:21:48] getJobUpdate start
[15:21:49] getJobUpdate finished
[15:21:49] getJobUpdate start
[15:21:49] getJobUpdate finished
[15:21:50] getJobUpdate start
[15:21:50] getJobUpdate finished
[15:21:50] getJobUpdate start
[15:21:50] getJobUpdate finished
[15:21:51] getJobUpdate start
[15:21:51] getJobUpdate finished
[15:21:51] getJobUpdate start
[15:21:51] getJobUpdate finished
[15:21:52] getJobUpdate start
[15:21:52] getJobUpdate finished
[15:21:53] getJobUpdate start
[15:21:53] getJobUpdate finished
[15:21:53] getJobUpdate start
[15:21:53] getJobUpdate finished
[15:21:54] getJobUpdate start
[15:21:54] getJobUpdate finished
[15:21:54] getJobUpdate start
[15:21:54] getJobUpdate finished
[15:21:55] getJobUpdate start
[15:21:55] getJobUpdate finished
[15:21:55] getJobUpdate start
[15:21:55] getJobUpdate finished
[15:21:56] getJobUpdate start
[15:21:56] getJobUpdate finished
[15:21:57] getJobUpdate start
[15:21:57] getJobUpdate finished
[15:21:57] getJobUpdate start
[15:21:57] getJobUpdate finished
[15:21:58] getJobUpdate start
[15:21:58] getJobUpdate finished
[15:21:58] getJobUpdate start
[15:21:58] getJobUpdate finished
[15:21:59] getJobUpdate start
[15:21:59] getJobUpdate finished
[15:21:59] getJobUpdate start
[15:21:59] getJobUpdate finished
[15:22:00] getJobUpdate start
[15:22:00] getJobUpdate finished
[15:22:01] getJobUpdate start
[15:22:01] getJobUpdate finished
[15:22:01] getJobUpdate start
[15:22:01] getJobUpdate finished
[15:22:18] Analysis::writeGBIFile = 0 sec
[15:22:18] Login expiration: Wed May 5 18:16:11 2021
[15:22:18] Token expiration: Fri Apr 23 18:16:10 2021
[15:22:18] Analysis::exportJobFiles = 0.001 sec
[15:23:04] CADModel::loadGeometryDatabase = 0.159 sec
[15:23:04] VizDataInterface::getBoundaryFEData = 0.028 sec
[15:23:04] VizDataInterface::setupWallOutlineData = 0.003 sec
[15:23:05] getJobUpdate start
[15:23:05] VizDataInterface::getBoundaryFEData = 0.022 sec
[15:23:05] VizDataInterface::setupWallOutlineData = 0.002 sec
[15:23:05] getJobUpdate finished
[15:23:06] getJobUpdate start
[15:23:06] getJobUpdate finished
[15:23:06] getJobUpdate start
[15:23:06] getJobUpdate finished
[15:23:06] getJobUpdate start
[15:23:06] getJobUpdate finished
[15:23:07] getJobUpdate start
[15:23:07] getJobUpdate finished
[15:23:08] getJobUpdate start
[15:23:08] getJobUpdate finished
[15:23:08] getJobUpdate start
[15:23:08] getJobUpdate finished
[15:23:09] getJobUpdate start
[15:23:09] getJobUpdate finished
[15:23:09] getJobUpdate start
[15:23:09] getJobUpdate finished
[15:23:10] getJobUpdate start
[15:23:10] getJobUpdate finished
[15:23:10] getJobUpdate start
[15:23:10] getJobUpdate finished
[15:23:11] getJobUpdate start
[15:23:11] getJobUpdate finished
[15:23:12] getJobUpdate start
[15:23:12] getJobUpdate finished
[15:23:12] getJobUpdate start
[15:23:12] getJobUpdate finished
[15:23:13] getJobUpdate start
[15:23:13] getJobUpdate finished
[15:23:13] getJobUpdate start
[15:23:13] getJobUpdate finished
[15:23:14] getJobUpdate start
[15:23:14] getJobUpdate finished
[15:23:14] getJobUpdate start
[15:23:14] getJobUpdate finished
[15:23:15] getJobUpdate start
[15:23:15] getJobUpdate finished
[15:23:16] getJobUpdate start
[15:23:16] getJobUpdate finished
[15:23:16] getJobUpdate start
[15:23:16] getJobUpdate finished
[15:23:17] getJobUpdate start
[15:23:17] getJobUpdate finished
[15:23:17] getJobUpdate start
[15:23:17] getJobUpdate finished
[15:23:18] getJobUpdate start
[15:23:18] getJobUpdate finished
[15:23:19] getJobUpdate start
[15:23:19] getJobUpdate finished
[15:23:19] getJobUpdate start
[15:23:19] getJobUpdate finished
[15:23:20] getJobUpdate start
[15:23:20] getJobUpdate finished
[15:23:20] getJobUpdate start
[15:23:20] getJobUpdate finished
[15:23:21] getJobUpdate start
[15:23:21] getJobUpdate finished
[15:23:21] getJobUpdate start
[15:23:21] getJobUpdate finished
[15:23:22] getJobUpdate start
[15:23:22] getJobUpdate finished
[15:23:22] thrustVaneTorquStudy/Design 0deg/Scenario 1 solver finished at Thu Apr 22 15:23:22 2021 on LAPTOP-L3NRL85S with code = 0
[15:23:23] Analysis::importSolverFiles = 0.076 sec
[15:23:23] VizDataInterface::getBoundaryFEData = 0.021 sec
[15:23:23] VizDataInterface::setupWallOutlineData = 0.002 sec
[15:23:23] thrustVaneTorquStudy/Design 0deg/Scenario 1 job finished at Thu Apr 22 15:23:22 2021 on LAPTOP-L3NRL85S
[15:23:42] Analysis::writeGBIFile = 0 sec
[15:23:42] Login expiration: Wed May 5 18:16:11 2021
[15:23:42] Token expiration: Fri Apr 23 18:16:10 2021
[15:23:42] Analysis::exportJobFiles = 0.026 sec
[15:23:53] Analysis::writeGBIFile = 0 sec
[15:23:53] Login expiration: Wed May 5 18:16:11 2021
[15:23:53] Token expiration: Fri Apr 23 18:16:10 2021
[15:23:53] Analysis::exportJobFiles = 0.001 sec
[15:24:04] Analysis::writeGBIFile = 0 sec
[15:24:04] Login expiration: Wed May 5 18:16:11 2021
[15:24:04] Token expiration: Fri Apr 23 18:16:10 2021
[15:24:04] Analysis::exportJobFiles = 0.001 sec
[15:24:13] Analysis::writeGBIFile = 0 sec
[15:24:13] Login expiration: Wed May 5 18:16:11 2021
[15:24:13] Token expiration: Fri Apr 23 18:16:10 2021
[15:24:13] Analysis::exportJobFiles = 0.001 sec
[15:24:17] thrustVaneTorquStudy/Design 2deg/Scenario 1 job started at Thu Apr 22 15:23:23 2021 on LAPTOP-L3NRL85S
[15:24:17] thrustVaneTorquStudy/Design 2deg/Scenario 1 mesher started at Thu Apr 22 15:23:23 2021 on LAPTOP-L3NRL85S
[15:24:17] thrustVaneTorquStudy/Design 2deg/Scenario 1 mesher finished at Thu Apr 22 15:23:31 2021 on LAPTOP-L3NRL85S with code = 0
[15:24:17] Analysis::importMesherFiles = 0.021 sec
[15:24:17] CADModel::loadGeometryDatabase = 0.316 sec
[15:24:17] Mesher finished copying files
[15:24:17] thrustVaneTorquStudy/Design 2deg/Scenario 1 solver started at Thu Apr 22 15:23:31 2021 on LAPTOP-L3NRL85S
[15:24:17] getJobUpdate start
[15:24:17] VizDataInterface::getBoundaryFEData = 0.06 sec
[15:24:17] VizDataInterface::setupWallOutlineData = 0.006 sec
[15:24:17] VizDataInterface::getBoundaryFEData = 0.046 sec
[15:24:17] VizDataInterface::setupWallOutlineData = 0.006 sec
[15:24:17] getJobUpdate finished
[15:24:18] Could not find message key: (solver, AnalyzeC, Turbulent Compressible Flow is ON)
[15:24:18] Could not find message key: (solver, AnalyzeC, Turbulence model: Standard k-epsilon)
[15:24:18] Could not find message key: (solver, AnalyzeC, Intelligent Wall Formulation: OFF)
[15:24:18] getJobUpdate start
[15:24:18] getJobUpdate finished
[15:24:18] getJobUpdate start
[15:24:18] getJobUpdate finished
[15:24:19] getJobUpdate start
[15:24:19] getJobUpdate finished
[15:24:21] getJobUpdate start
[15:24:21] getJobUpdate finished
[15:24:22] getJobUpdate start
[15:24:22] getJobUpdate finished
[15:24:23] getJobUpdate start
[15:24:23] getJobUpdate finished
[15:24:24] getJobUpdate start
[15:24:24] getJobUpdate finished
[15:24:25] getJobUpdate start
[15:24:26] getJobUpdate finished
[15:24:27] getJobUpdate start
[15:24:27] getJobUpdate finished
[15:24:28] getJobUpdate start
[15:24:28] getJobUpdate finished
[15:24:29] getJobUpdate start
[15:24:29] getJobUpdate finished
[15:24:31] getJobUpdate start
[15:24:31] getJobUpdate finished
[15:24:32] getJobUpdate start
[15:24:32] getJobUpdate finished
[15:24:33] getJobUpdate start
[15:24:33] getJobUpdate finished
[15:24:34] getJobUpdate start
[15:24:34] getJobUpdate finished
[15:24:36] getJobUpdate start
[15:24:36] getJobUpdate finished
[15:24:37] getJobUpdate start
[15:24:37] getJobUpdate finished
[15:24:38] getJobUpdate start
[15:24:39] getJobUpdate finished
[15:24:40] getJobUpdate start
[15:24:40] getJobUpdate finished
[15:24:41] getJobUpdate start
[15:24:41] getJobUpdate finished
[15:24:43] getJobUpdate start
[15:24:43] getJobUpdate finished
[15:24:44] getJobUpdate start
[15:24:44] getJobUpdate finished
[15:24:45] getJobUpdate start
[15:24:45] getJobUpdate finished
[15:24:47] getJobUpdate start
[15:24:47] getJobUpdate finished
[15:24:48] getJobUpdate start
[15:24:48] getJobUpdate finished
[15:24:49] getJobUpdate start
[15:24:49] getJobUpdate finished
[15:24:50] getJobUpdate start
[15:24:50] getJobUpdate finished
[15:24:52] getJobUpdate start
[15:24:52] getJobUpdate finished
[15:24:53] getJobUpdate start
[15:24:53] getJobUpdate finished
[15:24:54] getJobUpdate start
[15:24:54] getJobUpdate finished
[15:24:56] getJobUpdate start
[15:24:56] getJobUpdate finished
[15:24:57] getJobUpdate start
[15:24:57] getJobUpdate finished
[15:24:58] getJobUpdate start
[15:24:58] getJobUpdate finished
[15:25:00] getJobUpdate start
[15:25:00] getJobUpdate finished
[15:25:01] getJobUpdate start
[15:25:01] getJobUpdate finished
[15:25:02] getJobUpdate start
[15:25:02] getJobUpdate finished
[15:25:03] getJobUpdate start
[15:25:03] getJobUpdate finished
[15:25:05] getJobUpdate start
[15:25:05] getJobUpdate finished
[15:25:06] getJobUpdate start
[15:25:06] getJobUpdate finished
[15:25:07] getJobUpdate start
[15:25:08] getJobUpdate finished
[15:25:09] getJobUpdate start
[15:25:09] getJobUpdate finished
[15:25:10] getJobUpdate start
[15:25:10] getJobUpdate finished
[15:25:11] getJobUpdate start
[15:25:11] getJobUpdate finished
[15:25:13] getJobUpdate start
[15:25:13] getJobUpdate finished
[15:25:14] getJobUpdate start
[15:25:14] getJobUpdate finished
[15:25:15] getJobUpdate start
[15:25:15] getJobUpdate finished
[15:25:17] getJobUpdate start
[15:25:17] getJobUpdate finished
[15:25:18] getJobUpdate start
[15:25:18] getJobUpdate finished
[15:25:19] getJobUpdate start
[15:25:19] getJobUpdate finished
[15:25:21] getJobUpdate start
[15:25:21] getJobUpdate finished
[15:25:22] getJobUpdate start
[15:25:22] getJobUpdate finished
[15:25:23] getJobUpdate start
[15:25:23] getJobUpdate finished
[15:25:25] getJobUpdate start
[15:25:25] getJobUpdate finished
[15:25:26] getJobUpdate start
[15:25:26] getJobUpdate finished
[15:25:27] getJobUpdate start
[15:25:27] getJobUpdate finished
[15:25:28] getJobUpdate start
[15:25:28] getJobUpdate finished
[15:25:30] getJobUpdate start
[15:25:30] getJobUpdate finished
[15:25:31] getJobUpdate start
[15:25:31] getJobUpdate finished
[15:25:33] getJobUpdate start
[15:25:33] getJobUpdate finished
[15:25:34] getJobUpdate start
[15:25:34] getJobUpdate finished
[15:25:35] getJobUpdate start
[15:25:35] getJobUpdate finished
[15:25:36] getJobUpdate start
[15:25:36] getJobUpdate finished
[15:25:38] getJobUpdate start
[15:25:38] getJobUpdate finished
[15:25:39] getJobUpdate start
[15:25:39] getJobUpdate finished
[15:25:40] getJobUpdate start
[15:25:40] getJobUpdate finished
[15:25:42] getJobUpdate start
[15:25:42] getJobUpdate finished
[15:25:43] getJobUpdate start
[15:25:43] getJobUpdate finished
[15:25:44] getJobUpdate start
[15:25:44] getJobUpdate finished
[15:25:45] getJobUpdate start
[15:25:45] getJobUpdate finished
[15:25:46] getJobUpdate start
[15:25:46] getJobUpdate finished
[15:25:48] getJobUpdate start
[15:25:48] getJobUpdate finished
[15:25:49] getJobUpdate start
[15:25:49] getJobUpdate finished
[15:25:50] getJobUpdate start
[15:25:50] getJobUpdate finished
[15:25:51] getJobUpdate start
[15:25:51] getJobUpdate finished
[15:25:52] getJobUpdate start
[15:25:52] getJobUpdate finished
[15:25:54] getJobUpdate start
[15:25:54] getJobUpdate finished
[15:25:55] getJobUpdate start
[15:25:55] getJobUpdate finished
[15:25:56] getJobUpdate start
[15:25:56] getJobUpdate finished
[15:25:57] getJobUpdate start
[15:25:57] getJobUpdate finished
[15:25:59] getJobUpdate start
[15:25:59] getJobUpdate finished
[15:26:00] getJobUpdate start
[15:26:00] getJobUpdate finished
[15:26:01] getJobUpdate start
[15:26:01] getJobUpdate finished
[15:26:02] getJobUpdate start
[15:26:03] getJobUpdate finished
[15:26:04] getJobUpdate start
[15:26:04] getJobUpdate finished
[15:26:05] getJobUpdate start
[15:26:05] getJobUpdate finished
[15:26:06] getJobUpdate start
[15:26:06] getJobUpdate finished
[15:26:07] getJobUpdate start
[15:26:07] getJobUpdate finished
[15:26:08] getJobUpdate start
[15:26:08] getJobUpdate finished
[15:26:10] getJobUpdate start
[15:26:10] getJobUpdate finished
[15:26:11] getJobUpdate start
[15:26:11] getJobUpdate finished
[15:26:12] getJobUpdate start
[15:26:12] getJobUpdate finished
[15:26:13] getJobUpdate start
[15:26:13] getJobUpdate finished
[15:26:14] getJobUpdate start
[15:26:14] getJobUpdate finished
[15:26:16] getJobUpdate start
[15:26:16] getJobUpdate finished
[15:26:17] getJobUpdate start
[15:26:17] getJobUpdate finished
[15:26:18] getJobUpdate start
[15:26:18] getJobUpdate finished
[15:26:19] getJobUpdate start
[15:26:19] getJobUpdate finished
[15:26:21] getJobUpdate start
[15:26:21] getJobUpdate finished
[15:26:22] getJobUpdate start
[15:26:22] getJobUpdate finished
[15:26:23] getJobUpdate start
[15:26:23] getJobUpdate finished
[15:26:24] getJobUpdate start
[15:26:24] getJobUpdate finished
[15:26:25] getJobUpdate start
[15:26:25] getJobUpdate finished
[15:26:27] getJobUpdate start
[15:26:27] getJobUpdate finished
[15:26:28] getJobUpdate start
[15:26:28] getJobUpdate finished
[15:26:29] getJobUpdate start
[15:26:29] getJobUpdate finished
[15:26:30] getJobUpdate start
[15:26:30] getJobUpdate finished
[15:26:31] getJobUpdate start
[15:26:32] getJobUpdate finished
[15:26:33] getJobUpdate start
[15:26:33] getJobUpdate finished
[15:26:34] getJobUpdate start
[15:26:34] getJobUpdate finished
[15:26:35] getJobUpdate start
[15:26:35] getJobUpdate finished
[15:26:36] getJobUpdate start
[15:26:37] getJobUpdate finished
[15:26:38] getJobUpdate start
[15:26:38] getJobUpdate finished
[15:26:39] getJobUpdate start
[15:26:39] getJobUpdate finished
[15:26:40] getJobUpdate start
[15:26:40] getJobUpdate finished
[15:26:41] getJobUpdate start
[15:26:41] getJobUpdate finished
[15:26:42] getJobUpdate start
[15:26:42] getJobUpdate finished
[15:26:44] getJobUpdate start
[15:26:44] getJobUpdate finished
[15:26:45] getJobUpdate start
[15:26:45] getJobUpdate finished
[15:26:46] getJobUpdate start
[15:26:46] getJobUpdate finished
[15:26:47] getJobUpdate start
[15:26:47] getJobUpdate finished
[15:26:48] getJobUpdate start
[15:26:48] getJobUpdate finished
[15:26:50] getJobUpdate start
[15:26:50] getJobUpdate finished
[15:26:51] getJobUpdate start
[15:26:51] getJobUpdate finished
[15:26:52] getJobUpdate start
[15:26:52] getJobUpdate finished
[15:26:53] getJobUpdate start
[15:26:53] getJobUpdate finished
[15:26:54] getJobUpdate start
[15:26:54] getJobUpdate finished
[15:26:55] getJobUpdate start
[15:26:56] getJobUpdate finished
[15:26:57] getJobUpdate start
[15:26:57] getJobUpdate finished
[15:26:58] getJobUpdate start
[15:26:58] getJobUpdate finished
[15:26:59] getJobUpdate start
[15:26:59] getJobUpdate finished
[15:27:01] getJobUpdate start
[15:27:01] getJobUpdate finished
[15:27:02] getJobUpdate start
[15:27:02] getJobUpdate finished
[15:27:03] getJobUpdate start
[15:27:03] getJobUpdate finished
[15:27:04] getJobUpdate start
[15:27:04] getJobUpdate finished
[15:27:05] getJobUpdate start
[15:27:05] getJobUpdate finished
[15:27:07] getJobUpdate start
[15:27:07] getJobUpdate finished
[15:27:08] getJobUpdate start
[15:27:08] getJobUpdate finished
[15:27:09] getJobUpdate start
[15:27:09] getJobUpdate finished
[15:27:10] getJobUpdate start
[15:27:10] getJobUpdate finished
[15:27:11] thrustVaneTorquStudy/Design 2deg/Scenario 1 solver finished at Thu Apr 22 15:27:11 2021 on LAPTOP-L3NRL85S with code = 0
[15:27:11] Analysis::importSolverFiles = 0.197 sec
